objc[18727]: Class AXEmojiUtilities is implemented in both /Applications/Xcode.app/Contents/Developer/Platforms/iPhoneSimulator.platform/Developer/SDKs/iPhoneSimulator7.1.sdk/System/Library/PrivateFrameworks/AccessibilityUtilities.framework/AccessibilityUtilities and /Applications/Xcode.app/Contents/Developer/Platforms/iPhoneSimulator.platform/Developer/SDKs/iPhoneSimulator7.1.sdk/usr/lib/libAXSpeechManager.dylib. One of the two will be used. Which one is undefined.
2014-06-10 02:19:45.743 HelloCordova[18727:70b] Cannot find executable for CFBundle 0xa561600 </Applications/Xcode.app/Contents/Developer/Platforms/iPhoneSimulator.platform/Developer/SDKs/iPhoneSimulator7.1.sdk/System/Library/AccessibilityBundles/CertUIFramework.axbundle> (not loaded)
2014-06-10 02:19:45.746 HelloCordova[18727:70b] Cannot find executable for CFBundle 0xb74edd0 </Applications/Xcode.app/Contents/Developer/Platforms/iPhoneSimulator.platform/Developer/SDKs/iPhoneSimulator7.1.sdk/System/Library/AccessibilityBundles/GeoServices.axbundle> (not loaded)
2014-06-10 02:19:45.787 HelloCordova[18727:70b] Multi-tasking -> Device: YES, App: YES
2014-06-10 02:19:45.803 HelloCordova[18727:70b] Unlimited access to network resources
2014-06-10 02:19:45.898 HelloCordova[18727:70b] [CDVTimer][keyboard] 0.091016ms
2014-06-10 02:19:45.899 HelloCordova[18727:70b] CDVPlugin class CDVStatusBar (pluginName: statusbar) does not exist.
2014-06-10 02:19:45.899 HelloCordova[18727:70b] [CDVTimer][statusbar] 0.286043ms
2014-06-10 02:19:45.899 HelloCordova[18727:70b] [CDVTimer][TotalPluginStartup] 1.020014ms
2014-06-10 02:19:45.994 HelloCordova[18727:70b] Resetting plugins due to page load.
2014-06-10 02:19:46.187 HelloCordova[18727:70b] Finished load of: file:///Users/tony/Library/Application%20Support/iPhone%20Simulator/7.1/Applications/92132F84-C948-4DBF-A6BF-39BC0BEBA24C/HelloCordova.app/www/index.html#/tab/survey
2014-06-10 02:19:49.184 HelloCordova[18727:70b] ContactTabCtrl
objc[19029]: Class AXEmojiUtilities is implemented in both /Applications/Xcode.app/Contents/Developer/Platforms/iPhoneSimulator.platform/Developer/SDKs/iPhoneSimulator7.1.sdk/System/Library/PrivateFrameworks/AccessibilityUtilities.framework/AccessibilityUtilities and /Applications/Xcode.app/Contents/Developer/Platforms/iPhoneSimulator.platform/Developer/SDKs/iPhoneSimulator7.1.sdk/usr/lib/libAXSpeechManager.dylib. One of the two will be used. Which one is undefined.
2014-06-10 02:20:37.042 HelloCordova[19029:70b] Cannot find executable for CFBundle 0xbb7dd60 </Applications/Xcode.app/Contents/Developer/Platforms/iPhoneSimulator.platform/Developer/SDKs/iPhoneSimulator7.1.sdk/System/Library/AccessibilityBundles/CertUIFramework.axbundle> (not loaded)
2014-06-10 02:20:37.045 HelloCordova[19029:70b] Cannot find executable for CFBundle 0xa6809e0 </Applications/Xcode.app/Contents/Developer/Platforms/iPhoneSimulator.platform/Developer/SDKs/iPhoneSimulator7.1.sdk/System/Library/AccessibilityBundles/GeoServices.axbundle> (not loaded)
2014-06-10 02:20:37.078 HelloCordova[19029:70b] Multi-tasking -> Device: YES, App: YES
2014-06-10 02:20:37.082 HelloCordova[19029:70b] Unlimited access to network resources
2014-06-10 02:20:37.095 HelloCordova[19029:70b] [CDVTimer][keyboard] 0.051975ms
2014-06-10 02:20:37.095 HelloCordova[19029:70b] CDVPlugin class CDVStatusBar (pluginName: statusbar) does not exist.
2014-06-10 02:20:37.095 HelloCordova[19029:70b] [CDVTimer][statusbar] 0.262022ms
2014-06-10 02:20:37.095 HelloCordova[19029:70b] [CDVTimer][TotalPluginStartup] 0.873029ms
2014-06-10 02:20:37.137 HelloCordova[19029:70b] Resetting plugins due to page load.
2014-06-10 02:20:37.243 HelloCordova[19029:70b] Finished load of: file:///Users/tony/Library/Application%20Support/iPhone%20Simulator/7.1/Applications/92132F84-C948-4DBF-A6BF-39BC0BEBA24C/HelloCordova.app/www/index.html#/tab/survey
2014-06-10 02:20:41.008 HelloCordova[19029:70b] ContactTabCtrl
objc[19330]: Class AXEmojiUtilities is implemented in both /Applications/Xcode.app/Contents/Developer/Platforms/iPhoneSimulator.platform/Developer/SDKs/iPhoneSimulator7.1.sdk/System/Library/PrivateFrameworks/AccessibilityUtilities.framework/AccessibilityUtilities and /Applications/Xcode.app/Contents/Developer/Platforms/iPhoneSimulator.platform/Developer/SDKs/iPhoneSimulator7.1.sdk/usr/lib/libAXSpeechManager.dylib. One of the two will be used. Which one is undefined.
2014-06-10 02:21:32.785 HelloCordova[19330:70b] Cannot find executable for CFBundle 0xa2c5150 </Applications/Xcode.app/Contents/Developer/Platforms/iPhoneSimulator.platform/Developer/SDKs/iPhoneSimulator7.1.sdk/System/Library/AccessibilityBundles/CertUIFramework.axbundle> (not loaded)
2014-06-10 02:21:32.789 HelloCordova[19330:70b] Cannot find executable for CFBundle 0xa3b0590 </Applications/Xcode.app/Contents/Developer/Platforms/iPhoneSimulator.platform/Developer/SDKs/iPhoneSimulator7.1.sdk/System/Library/AccessibilityBundles/GeoServices.axbundle> (not loaded)
2014-06-10 02:21:32.819 HelloCordova[19330:70b] Multi-tasking -> Device: YES, App: YES
2014-06-10 02:21:32.823 HelloCordova[19330:70b] Unlimited access to network resources
2014-06-10 02:21:32.835 HelloCordova[19330:70b] [CDVTimer][keyboard] 0.052035ms
2014-06-10 02:21:32.835 HelloCordova[19330:70b] CDVPlugin class CDVStatusBar (pluginName: statusbar) does not exist.
2014-06-10 02:21:32.836 HelloCordova[19330:70b] [CDVTimer][statusbar] 0.287950ms
2014-06-10 02:21:32.836 HelloCordova[19330:70b] [CDVTimer][TotalPluginStartup] 0.961006ms
2014-06-10 02:21:32.887 HelloCordova[19330:70b] Resetting plugins due to page load.
2014-06-10 02:21:33.000 HelloCordova[19330:70b] Finished load of: file:///Users/tony/Library/Application%20Support/iPhone%20Simulator/7.1/Applications/92132F84-C948-4DBF-A6BF-39BC0BEBA24C/HelloCordova.app/www/index.html#/tab/survey
2014-06-10 02:21:34.352 HelloCordova[19330:70b] ContactTabCtrl
objc[19645]: Class AXEmojiUtilities is implemented in both /Applications/Xcode.app/Contents/Developer/Platforms/iPhoneSimulator.platform/Developer/SDKs/iPhoneSimulator7.1.sdk/System/Library/PrivateFrameworks/AccessibilityUtilities.framework/AccessibilityUtilities and /Applications/Xcode.app/Contents/Developer/Platforms/iPhoneSimulator.platform/Developer/SDKs/iPhoneSimulator7.1.sdk/usr/lib/libAXSpeechManager.dylib. One of the two will be used. Which one is undefined.
2014-06-10 02:25:07.008 HelloCordova[19645:70b] Cannot find executable for CFBundle 0xa34d2f0 </Applications/Xcode.app/Contents/Developer/Platforms/iPhoneSimulator.platform/Developer/SDKs/iPhoneSimulator7.1.sdk/System/Library/AccessibilityBundles/GeoServices.axbundle> (not loaded)
2014-06-10 02:25:07.012 HelloCordova[19645:70b] Cannot find executable for CFBundle 0xb964470 </Applications/Xcode.app/Contents/Developer/Platforms/iPhoneSimulator.platform/Developer/SDKs/iPhoneSimulator7.1.sdk/System/Library/AccessibilityBundles/CertUIFramework.axbundle> (not loaded)
2014-06-10 02:25:07.043 HelloCordova[19645:70b] Multi-tasking -> Device: YES, App: YES
2014-06-10 02:25:07.047 HelloCordova[19645:70b] Unlimited access to network resources
2014-06-10 02:25:07.059 HelloCordova[19645:70b] [CDVTimer][keyboard] 0.050008ms
2014-06-10 02:25:07.059 HelloCordova[19645:70b] CDVPlugin class CDVStatusBar (pluginName: statusbar) does not exist.
2014-06-10 02:25:07.060 HelloCordova[19645:70b] [CDVTimer][statusbar] 0.271976ms
2014-06-10 02:25:07.060 HelloCordova[19645:70b] [CDVTimer][TotalPluginStartup] 0.962973ms
2014-06-10 02:25:07.109 HelloCordova[19645:70b] Resetting plugins due to page load.
2014-06-10 02:25:07.249 HelloCordova[19645:70b] Finished load of: file:///Users/tony/Library/Application%20Support/iPhone%20Simulator/7.1/Applications/92132F84-C948-4DBF-A6BF-39BC0BEBA24C/HelloCordova.app/www/index.html#/tab/survey
2014-06-10 02:25:08.503 HelloCordova[19645:70b] ContactTabCtrl
objc[19957]: Class AXEmojiUtilities is implemented in both /Applications/Xcode.app/Contents/Developer/Platforms/iPhoneSimulator.platform/Developer/SDKs/iPhoneSimulator7.1.sdk/System/Library/PrivateFrameworks/AccessibilityUtilities.framework/AccessibilityUtilities and /Applications/Xcode.app/Contents/Developer/Platforms/iPhoneSimulator.platform/Developer/SDKs/iPhoneSimulator7.1.sdk/usr/lib/libAXSpeechManager.dylib. One of the two will be used. Which one is undefined.
2014-06-10 02:25:41.838 HelloCordova[19957:70b] Cannot find executable for CFBundle 0xc091e10 </Applications/Xcode.app/Contents/Developer/Platforms/iPhoneSimulator.platform/Developer/SDKs/iPhoneSimulator7.1.sdk/System/Library/AccessibilityBundles/GeoServices.axbundle> (not loaded)
2014-06-10 02:25:41.842 HelloCordova[19957:70b] Cannot find executable for CFBundle 0xa29d960 </Applications/Xcode.app/Contents/Developer/Platforms/iPhoneSimulator.platform/Developer/SDKs/iPhoneSimulator7.1.sdk/System/Library/AccessibilityBundles/CertUIFramework.axbundle> (not loaded)
2014-06-10 02:25:41.870 HelloCordova[19957:70b] Multi-tasking -> Device: YES, App: YES
2014-06-10 02:25:41.875 HelloCordova[19957:70b] Unlimited access to network resources
2014-06-10 02:25:41.887 HelloCordova[19957:70b] [CDVTimer][keyboard] 0.052035ms
2014-06-10 02:25:41.887 HelloCordova[19957:70b] CDVPlugin class CDVStatusBar (pluginName: statusbar) does not exist.
2014-06-10 02:25:41.888 HelloCordova[19957:70b] [CDVTimer][statusbar] 0.367999ms
2014-06-10 02:25:41.888 HelloCordova[19957:70b] [CDVTimer][TotalPluginStartup] 1.132011ms
2014-06-10 02:25:41.938 HelloCordova[19957:70b] Resetting plugins due to page load.
2014-06-10 02:25:42.048 HelloCordova[19957:70b] Finished load of: file:///Users/tony/Library/Application%20Support/iPhone%20Simulator/7.1/Applications/92132F84-C948-4DBF-A6BF-39BC0BEBA24C/HelloCordova.app/www/index.html#/tab/survey
2014-06-10 02:25:43.349 HelloCordova[19957:70b] ContactTabCtrl
objc[20278]: Class AXEmojiUtilities is implemented in both /Applications/Xcode.app/Contents/Developer/Platforms/iPhoneSimulator.platform/Developer/SDKs/iPhoneSimulator7.1.sdk/System/Library/PrivateFrameworks/AccessibilityUtilities.framework/AccessibilityUtilities and /Applications/Xcode.app/Contents/Developer/Platforms/iPhoneSimulator.platform/Developer/SDKs/iPhoneSimulator7.1.sdk/usr/lib/libAXSpeechManager.dylib. One of the two will be used. Which one is undefined.
2014-06-10 02:33:50.220 HelloCordova[20278:70b] Cannot find executable for CFBundle 0xa487630 </Applications/Xcode.app/Contents/Developer/Platforms/iPhoneSimulator.platform/Developer/SDKs/iPhoneSimulator7.1.sdk/System/Library/AccessibilityBundles/GeoServices.axbundle> (not loaded)
2014-06-10 02:33:50.223 HelloCordova[20278:70b] Cannot find executable for CFBundle 0xa4c5800 </Applications/Xcode.app/Contents/Developer/Platforms/iPhoneSimulator.platform/Developer/SDKs/iPhoneSimulator7.1.sdk/System/Library/AccessibilityBundles/CertUIFramework.axbundle> (not loaded)
2014-06-10 02:33:50.241 HelloCordova[20278:70b] Multi-tasking -> Device: YES, App: YES
2014-06-10 02:33:50.245 HelloCordova[20278:70b] Unlimited access to network resources
2014-06-10 02:33:50.257 HelloCordova[20278:70b] [CDVTimer][keyboard] 0.046015ms
2014-06-10 02:33:50.257 HelloCordova[20278:70b] CDVPlugin class CDVStatusBar (pluginName: statusbar) does not exist.
2014-06-10 02:33:50.258 HelloCordova[20278:70b] [CDVTimer][statusbar] 0.350952ms
2014-06-10 02:33:50.258 HelloCordova[20278:70b] [CDVTimer][TotalPluginStartup] 1.168013ms
2014-06-10 02:33:50.290 HelloCordova[20278:70b] Resetting plugins due to page load.
2014-06-10 02:33:50.394 HelloCordova[20278:70b] Finished load of: file:///Users/tony/Library/Application%20Support/iPhone%20Simulator/7.1/Applications/92132F84-C948-4DBF-A6BF-39BC0BEBA24C/HelloCordova.app/www/index.html#/tab/survey
2014-06-10 02:34:02.187 HelloCordova[20278:70b] ContactTabCtrl
2014-06-10 02:34:10.322 HelloCordova[20278:70b] SurveyTabCtrl
2014-06-10 02:36:11.125 HelloCordova[20278:70b] ContactTabCtrl
2014-06-10 02:36:15.168 HelloCordova[20278:70b] SurveyTabCtrl
2014-06-10 02:36:16.512 HelloCordova[20278:70b] ContactTabCtrl
2014-06-10 02:36:17.707 HelloCordova[20278:70b] SurveyTabCtrl
Terminating in response to SpringBoard's termination.
objc[21605]: Class AXEmojiUtilities is implemented in both /Applications/Xcode.app/Contents/Developer/Platforms/iPhoneSimulator.platform/Developer/SDKs/iPhoneSimulator7.1.sdk/System/Library/PrivateFrameworks/AccessibilityUtilities.framework/AccessibilityUtilities and /Applications/Xcode.app/Contents/Developer/Platforms/iPhoneSimulator.platform/Developer/SDKs/iPhoneSimulator7.1.sdk/usr/lib/libAXSpeechManager.dylib. One of the two will be used. Which one is undefined.
2014-06-10 12:41:19.537 HelloCordova[21605:70b] Cannot find executable for CFBundle 0xa771a10 </Applications/Xcode.app/Contents/Developer/Platforms/iPhoneSimulator.platform/Developer/SDKs/iPhoneSimulator7.1.sdk/System/Library/AccessibilityBundles/CertUIFramework.axbundle> (not loaded)
2014-06-10 12:41:19.541 HelloCordova[21605:70b] Cannot find executable for CFBundle 0xa263ea0 </Applications/Xcode.app/Contents/Developer/Platforms/iPhoneSimulator.platform/Developer/SDKs/iPhoneSimulator7.1.sdk/System/Library/AccessibilityBundles/GeoServices.axbundle> (not loaded)
2014-06-10 12:41:19.577 HelloCordova[21605:70b] Multi-tasking -> Device: YES, App: YES
2014-06-10 12:41:19.583 HelloCordova[21605:70b] Unlimited access to network resources
2014-06-10 12:41:19.678 HelloCordova[21605:70b] [CDVTimer][keyboard] 0.050962ms
2014-06-10 12:41:19.678 HelloCordova[21605:70b] CDVPlugin class CDVStatusBar (pluginName: statusbar) does not exist.
2014-06-10 12:41:19.678 HelloCordova[21605:70b] [CDVTimer][statusbar] 0.243962ms
2014-06-10 12:41:19.679 HelloCordova[21605:70b] [CDVTimer][TotalPluginStartup] 0.891984ms
2014-06-10 12:41:19.771 HelloCordova[21605:70b] Resetting plugins due to page load.
2014-06-10 12:41:19.962 HelloCordova[21605:70b] Finished load of: file:///Users/tony/Library/Application%20Support/iPhone%20Simulator/7.1/Applications/92132F84-C948-4DBF-A6BF-39BC0BEBA24C/HelloCordova.app/www/index.html#/tab/survey
2014-06-10 12:41:47.371 HelloCordova[21605:70b] Received memory warning.
objc[21805]: Class AXEmojiUtilities is implemented in both /Applications/Xcode.app/Contents/Developer/Platforms/iPhoneSimulator.platform/Developer/SDKs/iPhoneSimulator7.1.sdk/System/Library/PrivateFrameworks/AccessibilityUtilities.framework/AccessibilityUtilities and /Applications/Xcode.app/Contents/Developer/Platforms/iPhoneSimulator.platform/Developer/SDKs/iPhoneSimulator7.1.sdk/usr/lib/libAXSpeechManager.dylib. One of the two will be used. Which one is undefined.
2014-06-10 12:41:50.547 HelloCordova[21805:70b] Cannot find executable for CFBundle 0xa339600 </Applications/Xcode.app/Contents/Developer/Platforms/iPhoneSimulator.platform/Developer/SDKs/iPhoneSimulator7.1.sdk/System/Library/AccessibilityBundles/CertUIFramework.axbundle> (not loaded)
2014-06-10 12:41:50.552 HelloCordova[21805:70b] Cannot find executable for CFBundle 0xa510170 </Applications/Xcode.app/Contents/Developer/Platforms/iPhoneSimulator.platform/Developer/SDKs/iPhoneSimulator7.1.sdk/System/Library/AccessibilityBundles/GeoServices.axbundle> (not loaded)
2014-06-10 12:41:50.576 HelloCordova[21805:70b] Multi-tasking -> Device: YES, App: YES
2014-06-10 12:41:50.583 HelloCordova[21805:70b] Unlimited access to network resources
2014-06-10 12:41:50.601 HelloCordova[21805:70b] [CDVTimer][keyboard] 0.075042ms
2014-06-10 12:41:50.601 HelloCordova[21805:70b] CDVPlugin class CDVStatusBar (pluginName: statusbar) does not exist.
2014-06-10 12:41:50.602 HelloCordova[21805:70b] [CDVTimer][statusbar] 0.225008ms
2014-06-10 12:41:50.602 HelloCordova[21805:70b] [CDVTimer][TotalPluginStartup] 0.814974ms
2014-06-10 12:41:50.719 HelloCordova[21805:70b] Resetting plugins due to page load.
2014-06-10 12:41:50.905 HelloCordova[21805:70b] Finished load of: file:///Users/tony/Library/Application%20Support/iPhone%20Simulator/7.1/Applications/92132F84-C948-4DBF-A6BF-39BC0BEBA24C/HelloCordova.app/www/index.html#/tab/survey
objc[22568]: Class AXEmojiUtilities is implemented in both /Applications/Xcode.app/Contents/Developer/Platforms/iPhoneSimulator.platform/Developer/SDKs/iPhoneSimulator7.1.sdk/System/Library/PrivateFrameworks/AccessibilityUtilities.framework/AccessibilityUtilities and /Applications/Xcode.app/Contents/Developer/Platforms/iPhoneSimulator.platform/Developer/SDKs/iPhoneSimulator7.1.sdk/usr/lib/libAXSpeechManager.dylib. One of the two will be used. Which one is undefined.
2014-06-10 15:15:48.642 HelloCordova[22568:70b] Cannot find executable for CFBundle 0xa77c610 </Applications/Xcode.app/Contents/Developer/Platforms/iPhoneSimulator.platform/Developer/SDKs/iPhoneSimulator7.1.sdk/System/Library/AccessibilityBundles/GeoServices.axbundle> (not loaded)
2014-06-10 15:15:48.645 HelloCordova[22568:70b] Cannot find executable for CFBundle 0xc4509d0 </Applications/Xcode.app/Contents/Developer/Platforms/iPhoneSimulator.platform/Developer/SDKs/iPhoneSimulator7.1.sdk/System/Library/AccessibilityBundles/CertUIFramework.axbundle> (not loaded)
2014-06-10 15:15:48.665 HelloCordova[22568:70b] Multi-tasking -> Device: YES, App: YES
2014-06-10 15:15:48.669 HelloCordova[22568:70b] Unlimited access to network resources
2014-06-10 15:15:48.682 HelloCordova[22568:70b] [CDVTimer][keyboard] 0.048995ms
2014-06-10 15:15:48.682 HelloCordova[22568:70b] CDVPlugin class CDVStatusBar (pluginName: statusbar) does not exist.
2014-06-10 15:15:48.682 HelloCordova[22568:70b] [CDVTimer][statusbar] 0.136018ms
2014-06-10 15:15:48.682 HelloCordova[22568:70b] [CDVTimer][TotalPluginStartup] 0.491977ms
2014-06-10 15:15:48.722 HelloCordova[22568:70b] Resetting plugins due to page load.
2014-06-10 15:15:48.838 HelloCordova[22568:70b] Finished load of: file:///Users/tony/Library/Application%20Support/iPhone%20Simulator/7.1/Applications/92132F84-C948-4DBF-A6BF-39BC0BEBA24C/HelloCordova.app/www/index.html#/tab/survey
2014-06-10 15:16:04.191 HelloCordova[22568:70b] ContactTabCtrl
2014-06-10 15:16:17.842 HelloCordova[22568:70b] SurveyTabCtrl
2014-06-10 15:16:19.824 HelloCordova[22568:70b] ContactTabCtrl
2014-06-10 15:16:20.386 HelloCordova[22568:70b] SurveyTabCtrl
2014-06-10 15:16:26.628 HelloCordova[22568:70b] Answers are correct.
2014-06-10 15:16:26.639 HelloCordova[22568:70b] ConfirmationCtrl
2014-06-10 15:16:35.031 HelloCordova[22568:70b] SurveyTabCtrl
